1498726052913	geckodriver	INFO	Listening on 127.0.0.1:50541
1498726053154	geckodriver::marionette	INFO	Starting browser /usr/bin/firefox with args ["-marionette"]
1498726063726	Marionette	INFO	Listening on port 40017
1498726063958	Marionette	WARN	TLS certificate errors will be ignored for this session
JavaScript error: https://www.titan.co.in/shop-online/watches/titan, line 239: SyntaxError: expected expression, got '<'
JavaScript warning: https://www.titan.co.in/titanhouse/js/login_signup.js?v=1.79, line 1: unreachable code after return statement
JavaScript error: https://www.titan.co.in/titanhouse/js/config.js?v=3.4, line 1: ReferenceError: unbxdAutocomplete is not defined
JavaScript warning: https://d3701cc9l7v9a6.cloudfront.net/js/jquery/jquery-1.3.2.min.js, line 19: unreachable code after return statement
1498726443061	geckodriver	INFO	Listening on 127.0.0.1:37237
1498726444196	geckodriver::marionette	INFO	Starting browser /usr/bin/firefox with args ["-marionette"]
1498726448480	Marionette	INFO	Listening on port 38487
1498726448533	Marionette	WARN	TLS certificate errors will be ignored for this session
JavaScript error: https://www.titan.co.in/shop-online/watches/titan, line 239: SyntaxError: expected expression, got '<'
JavaScript warning: https://www.titan.co.in/titanhouse/js/login_signup.js?v=1.79, line 1: unreachable code after return statement
JavaScript error: https://www.titan.co.in/titanhouse/js/config.js?v=3.4, line 1: ReferenceError: unbxdAutocomplete is not defined
JavaScript warning: https://d3701cc9l7v9a6.cloudfront.net/js/jquery/jquery-1.3.2.min.js, line 19: unreachable code after return statement
1498726779004	geckodriver	INFO	Listening on 127.0.0.1:33049
1498726780165	geckodriver::marionette	INFO	Starting browser /usr/bin/firefox with args ["-marionette"]
1498726784542	Marionette	INFO	Listening on port 34911
1498726784710	Marionette	WARN	TLS certificate errors will be ignored for this session
JavaScript error: https://www.titan.co.in/shop-online/watches/titan, line 239: SyntaxError: expected expression, got '<'
JavaScript warning: https://www.titan.co.in/titanhouse/js/login_signup.js?v=1.79, line 1: unreachable code after return statement
JavaScript error: https://www.titan.co.in/titanhouse/js/config.js?v=3.4, line 1: ReferenceError: unbxdAutocomplete is not defined
JavaScript warning: https://d3701cc9l7v9a6.cloudfront.net/js/jquery/jquery-1.3.2.min.js, line 19: unreachable code after return statement
*************************
A coding exception was thrown and uncaught in a Task.

Full message: TypeError: NetworkError when attempting to fetch resource.
Full stack: 
*************************
